  [1m[35mSQL (0.6ms)[0m  [1m[35mSET search_path TO public /*application='Lms'*/[0m
  [1m[35m (528.4ms)[0m  [1m[35mCREATE DATABASE "lms_kode_kloud" ENCODING = 'unicode' /*application='Lms'*/[0m
  [1m[35mSQL (0.3ms)[0m  [1m[35mSET search_path TO public /*application='Lms'*/[0m
  [1m[35m (39.3ms)[0m  [1m[35mCREATE DATABASE "lms_kode_kloud" ENCODING = 'unicode' /*application='Lms'*/[0m
  [1m[35m (20.3ms)[0m  [1m[35mCREATE TABLE "schema_migrations" ("version" character varying NOT NULL PRIMARY KEY) /*application='Lms'*/[0m
  [1m[35m (9.6ms)[0m  [1m[35mCREATE TABLE "ar_internal_metadata" ("key" character varying NOT NULL PRIMARY KEY, "value" character varying, "created_at" timestamp(6) NOT NULL, "updated_at" timestamp(6) NOT NULL) /*application='Lms'*/[0m
  [1m[35m (1.2ms)[0m  [1m[34mSELECT pg_try_advisory_lock(5270362339656367590) /*application='Lms'*/[0m
  [1m[36mActiveRecord::SchemaMigration Load (2.3ms)[0m  [1m[34mSELECT "schema_migrations"."version" FROM "schema_migrations" ORDER BY "schema_migrations"."version" ASC /*application='Lms'*/[0m
  [1m[36mActiveRecord::InternalMetadata Load (1.7ms)[0m  [1m[34mSELECT * FROM "ar_internal_metadata" WHERE "ar_internal_metadata"."key" = 'environment' ORDER BY "ar_internal_metadata"."key" ASC LIMIT 1 /*application='Lms'*/[0m
  [1m[36mActiveRecord::InternalMetadata Create (3.7ms)[0m  [1m[32mINSERT INTO "ar_internal_metadata" ("key", "value", "created_at", "updated_at") VALUES ('environment', 'development', '2025-11-03 17:56:33.850423', '2025-11-03 17:56:33.850429') RETURNING "key" /*application='Lms'*/[0m
Migrating to EnableUuid (20251103191246)
  [1m[36mTRANSACTION (0.6ms)[0m  [1m[35mBEGIN /*application='Lms'*/[0m
  [1m[35mSQL (26.3ms)[0m  [1m[35mCREATE EXTENSION IF NOT EXISTS "pgcrypto" /*application='Lms'*/[0m
  [1m[36mActiveRecord::SchemaMigration Create (0.8ms)[0m  [1m[32mINSERT INTO "schema_migrations" ("version") VALUES ('20251103191246') RETURNING "version" /*application='Lms'*/[0m
  [1m[36mTRANSACTION (2.6ms)[0m  [1m[35mCOMMIT /*application='Lms'*/[0m
Migrating to CreateCourses (20251103194642)
  [1m[36mTRANSACTION (0.6ms)[0m  [1m[35mBEGIN /*application='Lms'*/[0m
  [1m[35m (17.8ms)[0m  [1m[35mCREATE TABLE "courses" ("id" uuid DEFAULT gen_random_uuid() NOT NULL PRIMARY KEY, "title" character varying, "description" text, "created_at" timestamp(6) NOT NULL, "updated_at" timestamp(6) NOT NULL) /*application='Lms'*/[0m
  [1m[36mActiveRecord::SchemaMigration Create (1.0ms)[0m  [1m[32mINSERT INTO "schema_migrations" ("version") VALUES ('20251103194642') RETURNING "version" /*application='Lms'*/[0m
  [1m[36mTRANSACTION (2.2ms)[0m  [1m[35mCOMMIT /*application='Lms'*/[0m
  [1m[35m (0.7ms)[0m  [1m[34mSELECT pg_advisory_unlock(5270362339656367590) /*application='Lms'*/[0m
  [1m[36mActiveRecord::SchemaMigration Load (0.6ms)[0m  [1m[34mSELECT "schema_migrations"."version" FROM "schema_migrations" ORDER BY "schema_migrations"."version" ASC /*application='Lms'*/[0m
  [1m[35mSQL (0.4ms)[0m  [1m[35mSET search_path TO public /*application='Lms'*/[0m
  [1m[35mSQL (0.6ms)[0m  [1m[35mSET search_path TO "$user", public /*application='Lms'*/[0m
  [1m[35mSQL (0.5ms)[0m  [1m[35mSET search_path TO public /*application='Lms'*/[0m
  [1m[35mSQL (0.6ms)[0m  [1m[35mSET search_path TO "$user", public /*application='Lms'*/[0m
Started POST "/courses" for 127.0.0.1 at 2025-11-03 17:56:45 +0000
  [1m[36mActiveRecord::SchemaMigration Load (1.6ms)[0m  [1m[34mSELECT "schema_migrations"."version" FROM "schema_migrations" ORDER BY "schema_migrations"."version" ASC /*application='Lms'*/[0m
Processing by CoursesController#create as */*
  Parameters: {"course" => {"title" => "BigBoss 1", "description" => "This is description 1"}}
  [1m[36mTRANSACTION (0.4ms)[0m  [1m[35mBEGIN /*action='create',application='Lms',controller='courses'*/[0m
  ↳ app/controllers/courses_controller.rb:17:in 'CoursesController#create'
  [1m[36mCourse Create (3.9ms)[0m  [1m[32mINSERT INTO "courses" ("title", "description", "created_at", "updated_at") VALUES ('BigBoss 1', 'This is description 1', '2025-11-03 17:56:45.483178', '2025-11-03 17:56:45.483178') RETURNING "id" /*action='create',application='Lms',controller='courses'*/[0m
  ↳ app/controllers/courses_controller.rb:17:in 'CoursesController#create'
  [1m[36mTRANSACTION (3.3ms)[0m  [1m[35mCOMMIT /*action='create',application='Lms',controller='courses'*/[0m
  ↳ app/controllers/courses_controller.rb:17:in 'CoursesController#create'
Completed 201 Created in 108ms (Views: 0.8ms | ActiveRecord: 22.5ms (1 query, 0 cached) | GC: 0.0ms)


Started POST "/courses" for 127.0.0.1 at 2025-11-03 17:57:02 +0000
Processing by CoursesController#create as */*
  Parameters: {"course" => {"title" => "BigBoss 2", "description" => "This is description 2"}}
  [1m[36mTRANSACTION (0.8ms)[0m  [1m[35mBEGIN /*action='create',application='Lms',controller='courses'*/[0m
  ↳ app/controllers/courses_controller.rb:17:in 'CoursesController#create'
  [1m[36mCourse Create (3.8ms)[0m  [1m[32mINSERT INTO "courses" ("title", "description", "created_at", "updated_at") VALUES ('BigBoss 2', 'This is description 2', '2025-11-03 17:57:02.757853', '2025-11-03 17:57:02.757853') RETURNING "id" /*action='create',application='Lms',controller='courses'*/[0m
  ↳ app/controllers/courses_controller.rb:17:in 'CoursesController#create'
  [1m[36mTRANSACTION (4.3ms)[0m  [1m[35mCOMMIT /*action='create',application='Lms',controller='courses'*/[0m
  ↳ app/controllers/courses_controller.rb:17:in 'CoursesController#create'
Completed 201 Created in 14ms (Views: 0.4ms | ActiveRecord: 8.8ms (1 query, 0 cached) | GC: 0.0ms)


Started GET "/courses/71d04e91-1a1e-4404-a1de-012becb7259e/lessons" for 127.0.0.1 at 2025-11-03 17:57:14 +0000
  
ActionController::RoutingError (No route matches [GET] "/courses/71d04e91-1a1e-4404-a1de-012becb7259e/lessons"):
  
Started GET "/courses/71d04e91-1a1e-4404-a1de-012becb7259e/lessons" for 127.0.0.1 at 2025-11-03 17:57:24 +0000
  
ActionController::RoutingError (No route matches [GET] "/courses/71d04e91-1a1e-4404-a1de-012becb7259e/lessons"):
  
Started GET "/courses" for 127.0.0.1 at 2025-11-03 17:57:32 +0000
Processing by CoursesController#index as */*
  [1m[36mCourse Load (2.3ms)[0m  [1m[34mSELECT "courses".* FROM "courses" /*action='index',application='Lms',controller='courses'*/[0m
  ↳ app/controllers/courses_controller.rb:7:in 'CoursesController#index'
Completed 200 OK in 52ms (Views: 8.4ms | ActiveRecord: 2.3ms (1 query, 0 cached) | GC: 0.0ms)


Started GET "/courses/71d04e91-1a1e-4404-a1de-012becb7259e" for 127.0.0.1 at 2025-11-03 17:57:41 +0000
Processing by CoursesController#show as */*
  Parameters: {"id" => "71d04e91-1a1e-4404-a1de-012becb7259e"}
  [1m[36mCourse Load (1.4ms)[0m  [1m[34mSELECT "courses".* FROM "courses" WHERE "courses"."id" = '71d04e91-1a1e-4404-a1de-012becb7259e' LIMIT 1 /*action='show',application='Lms',controller='courses'*/[0m
  ↳ app/controllers/courses_controller.rb:40:in 'CoursesController#set_course'
Completed 200 OK in 14ms (Views: 1.0ms | ActiveRecord: 1.4ms (1 query, 0 cached) | GC: 0.0ms)


